<?xml version="1.0" encoding="UTF-8"?>
<!-- Generated by org.testng.reporters.JUnitXMLReporter -->
<testsuite ignored="0" hostname="MOT-32333-L" failures="0" tests="3" name="ChromeII" time="13.0" errors="0" timestamp="2025-10-30T17:25:03 IST">
  <testcase classname="nadeem.edge" name="@BeforeTest beforeTest" time="1.113">
    <failure type="org.openqa.selenium.remote.NoSuchDriverException" message="msedgedriver located at D:/Myprojects/DriverFactory/web drivers/msedgedriver.exe, but invalid
For documentation on this error, please visit: https://www.selenium.dev/documentation/webdriver/troubleshooting/errors/driver_location/
Build info: version: &amp;apos;4.13.0&amp;apos;, revision: &amp;apos;ba948ece5b*&amp;apos;
System info: os.name: &amp;apos;Windows 11&amp;apos;, os.arch: &amp;apos;amd64&amp;apos;, os.version: &amp;apos;10.0&amp;apos;, java.version: &amp;apos;17.0.11&amp;apos;
Driver info: driver.version: EdgeDriver">
      <![CDATA[org.openqa.selenium.remote.NoSuchDriverException: msedgedriver located at D:/Myprojects/DriverFactory/web drivers/msedgedriver.exe, but invalid
For documentation on this error, please visit: https://www.selenium.dev/documentation/webdriver/troubleshooting/errors/driver_location/
Build info: version: '4.13.0', revision: 'ba948ece5b*'
System info: os.name: 'Windows 11', os.arch: 'amd64', os.version: '10.0', java.version: '17.0.11'
Driver info: driver.version: EdgeDriver
at org.openqa.selenium.remote.service.DriverFinder.getPath(DriverFinder.java:45)
at org.openqa.selenium.remote.service.DriverFinder.getPath(DriverFinder.java:13)
at org.openqa.selenium.edge.EdgeDriver.generateExecutor(EdgeDriver.java:71)
at org.openqa.selenium.edge.EdgeDriver.<init>(EdgeDriver.java:60)
at org.openqa.selenium.edge.EdgeDriver.<init>(EdgeDriver.java:56)
at org.openqa.selenium.edge.EdgeDriver.<init>(EdgeDriver.java:48)
at org.openqa.selenium.edge.EdgeDriver.<init>(EdgeDriver.java:44)
at drivers.DriverFactory.initEdge(DriverFactory.java:218)
at drivers.DriverFactory.initDriver(DriverFactory.java:77)
at nadeem.edge.beforeTest(edge.java:22)
at java.base/java.util.concurrent.FutureTask.run(FutureTask.java:264)
at java.base/java.util.concurrent.ThreadPoolExecutor.runWorker(ThreadPoolExecutor.java:1136)
at java.base/java.util.concurrent.ThreadPoolExecutor$Worker.run(ThreadPoolExecutor.java:635)
at java.base/java.lang.Thread.run(Thread.java:840)
... Removed 14 stack frames]]>
    </failure>
  </testcase> <!-- @BeforeTest beforeTest -->
  <testcase classname="nadeem.edge" name="@BeforeClass reportTableStart" time="0.0">
    <skipped/>
  </testcase> <!-- @BeforeClass reportTableStart -->
  <testcase classname="nadeem.edge" name="@AfterClass reportTableEnd" time="0.0">
    <skipped/>
  </testcase> <!-- @AfterClass reportTableEnd -->
  <testcase classname="nadeem.chromeII" name="test1" time="3.831"/>
  <testcase classname="nadeem.chromeII" name="test2" time="0.523"/>
  <testcase classname="nadeem.chromeII" name="Android" time="0.694"/>
</testsuite> <!-- ChromeII -->
